\BOOKMARK [0][-]{chapter*.5}{Introduzione}{}% 1
\BOOKMARK [0][-]{chapter.1}{Background}{}% 2
\BOOKMARK [0][-]{chapter.1}{Background}{}% 3
\BOOKMARK [1][-]{section.1.1}{Proteine}{chapter.1}% 4
\BOOKMARK [2][-]{subsection.1.1.1}{Amminoacidi}{section.1.1}% 5
\BOOKMARK [2][-]{subsection.1.1.2}{Polimeri\040degli\040amminoacidi}{section.1.1}% 6
\BOOKMARK [2][-]{subsection.1.1.3}{Struttura\040delle\040proteine}{section.1.1}% 7
\BOOKMARK [2][-]{subsection.1.1.4}{Classificazione\040delle\040proteine}{section.1.1}% 8
\BOOKMARK [2][-]{subsection.1.1.5}{Principio\040di\040Ramachandran}{section.1.1}% 9
\BOOKMARK [1][-]{section.1.2}{Hydropathic\040INTeractions\040HINT}{chapter.1}% 10
\BOOKMARK [1][-]{section.1.3}{Ricerca\040Locale}{chapter.1}% 11
\BOOKMARK [2][-]{subsection.1.3.1}{Tipologie\040di\040ricerca\040locale}{section.1.3}% 12
\BOOKMARK [2][-]{subsection.1.3.2}{Euristiche}{section.1.3}% 13
\BOOKMARK [1][-]{section.1.4}{Shortest\040Path}{chapter.1}% 14
\BOOKMARK [2][-]{subsection.1.4.1}{Algoritmo\040A*}{section.1.4}% 15
\BOOKMARK [2][-]{subsection.1.4.2}{Esempio}{section.1.4}% 16
\BOOKMARK [1][-]{section.1.5}{Algebra\040e\040Geometria}{chapter.1}% 17
\BOOKMARK [2][-]{subsection.1.5.1}{Spazio\040vettoriale}{section.1.5}% 18
\BOOKMARK [2][-]{subsection.1.5.2}{Prodotto\040scalare}{section.1.5}% 19
\BOOKMARK [2][-]{subsection.1.5.3}{Matrici\040di\040rotazione}{section.1.5}% 20
\BOOKMARK [2][-]{subsection.1.5.4}{Super\040Fibonacci\040Spirals}{section.1.5}% 21
\BOOKMARK [0][-]{chapter.2}{Covid}{}% 22
\BOOKMARK [0][-]{chapter.2}{Covid}{}% 23
\BOOKMARK [1][-]{section.2.1}{Covid-19}{chapter.2}% 24
\BOOKMARK [2][-]{subsection.2.1.1}{Storia}{section.2.1}% 25
\BOOKMARK [1][-]{section.2.2}{Glicoproteina\040Spike}{chapter.2}% 26
\BOOKMARK [2][-]{subsection.2.2.1}{Struttura\040della\040proteina\040e\040funzione}{section.2.2}% 27
\BOOKMARK [2][-]{subsection.2.2.2}{Scudo\040di\040glicani\040della\040glicoproteina\040spike}{section.2.2}% 28
\BOOKMARK [1][-]{section.2.3}{RBD}{chapter.2}% 29
\BOOKMARK [0][-]{chapter.3}{Obbiettivi}{}% 30
\BOOKMARK [0][-]{chapter.4}{Progettazione}{}% 31
\BOOKMARK [1][-]{section.4.1}{Librerie\040a\040supporto}{chapter.4}% 32
\BOOKMARK [1][-]{section.4.2}{Strategie\040di\040ricerca}{chapter.4}% 33
\BOOKMARK [1][-]{section.4.3}{Strutture\040dati\040a\040supporto}{chapter.4}% 34
\BOOKMARK [1][-]{section.4.4}{Approccio\040Top-Down\040al\040codice}{chapter.4}% 35
\BOOKMARK [2][-]{subsection.4.4.1}{Amicizia\040tra\040matrici\040di\040rotazione}{section.4.4}% 36
\BOOKMARK [2][-]{subsection.4.4.2}{Riduzione\040area\040di\040ricerca}{section.4.4}% 37
\BOOKMARK [1][-]{section.4.5}{Shortest-Path}{chapter.4}% 38
\BOOKMARK [2][-]{subsection.4.5.1}{Calcolo\040costo\040arco}{section.4.5}% 39
\BOOKMARK [2][-]{subsection.4.5.2}{Convergenza\040tra\040loop\040e\040parte\040mobile}{section.4.5}% 40
\BOOKMARK [0][-]{chapter.5}{Risultati}{}% 41
\BOOKMARK [0][-]{chapter*.30}{Conclusione}{}% 42
\BOOKMARK [0][-]{chapter*.30}{Bibliografia}{}% 43
